00:05:29 T:1329931320  NOTICE: special://profile/ is mapped to: special://masterprofile/
00:05:29 T:1329931320  NOTICE: -----------------------------------------------------------------------
00:05:29 T:1329931320  NOTICE: Starting My Video Library (13.0-ALPHA8 Git:20130922-5aef1c5). Platform: Android
00:05:29 T:1329931320  NOTICE: Using Debug XBMC build, compiled Oct  3 2013 by GCC 4.7.0 for Android API level 14
00:05:29 T:1329931320  NOTICE: Running on Linux (Android, 3.0.31-889555 armv7l)
00:05:29 T:1329931320  NOTICE: Host CPU: ARMv7 Processor rev 1 (v7l)
00:05:29 T:1329931320  NOTICE: ARM Features: Neon enabled
00:05:29 T:1329931320  NOTICE: special://xbmc/ is mapped to: /data/data/org.xbmc.xbmc/cache/apk/assets
00:05:29 T:1329931320  NOTICE: special://xbmcbin/ is mapped to: /data/data/org.xbmc.xbmc/cache/apk/assets
00:05:29 T:1329931320  NOTICE: special://masterprofile/ is mapped to: /storage/sdcard0/Android/data/org.xbmc.xbmc/files/.xbmc/userdata
00:05:29 T:1329931320  NOTICE: special://home/ is mapped to: /storage/sdcard0/Android/data/org.xbmc.xbmc/files/.xbmc
00:05:29 T:1329931320  NOTICE: special://temp/ is mapped to: /storage/sdcard0/Android/data/org.xbmc.xbmc/files/.xbmc/temp
00:05:29 T:1329931320  NOTICE: The executable running is: /system/bin/app_process
00:05:29 T:1329931320  NOTICE: Local hostname: localhost
00:05:29 T:1329931320  NOTICE: Log File is located: /storage/sdcard0/Android/data/org.xbmc.xbmc/files/.xbmc/temp/xbmc.log
00:05:29 T:1329931320  NOTICE: -----------------------------------------------------------------------
00:05:29 T:1329931320  NOTICE: load settings...
00:05:29 T:1329931320   DEBUG: CSettings: loaded settings definition from special://xbmc/system/settings/settings.xml
00:05:29 T:1329931320   DEBUG: CSettings: loaded settings definition from special://xbmc/system/settings/android.xml
00:05:29 T:1329931320  NOTICE: No settings file to load (special://xbmc/system/advancedsettings.xml)
00:05:29 T:1329931320  NOTICE: No settings file to load (special://masterprofile/advancedsettings.xml)
00:05:29 T:1329931320  NOTICE: Default DVD Player: dvdplayer
00:05:29 T:1329931320  NOTICE: Default Video Player: dvdplayer
00:05:29 T:1329931320  NOTICE: Default Audio Player: paplayer
00:05:29 T:1329931320  NOTICE: Disabled debug logging due to GUI setting. Level 0.
00:05:29 T:1329931320  NOTICE: Log level changed to 0
00:05:29 T:1329931320  NOTICE: Loading player core factory settings from special://xbmc/system/playercorefactory.xml.
00:05:29 T:1329931320   DEBUG: CPlayerCoreConfig::<ctor>: created player DVDPlayer for core 1
00:05:29 T:1329931320   DEBUG: CPlayerCoreConfig::<ctor>: created player oldmplayercore for core 1
00:05:29 T:1329931320   DEBUG: CPlayerCoreConfig::<ctor>: created player PAPlayer for core 3
00:05:29 T:1329931320   DEBUG: CPlayerSelectionRule::Initialize: creating rule: system rules
00:05:29 T:1329931320   DEBUG: CPlayerSelectionRule::Initialize: creating rule: rtv
00:05:29 T:1329931320   DEBUG: CPlayerSelectionRule::Initialize: creating rule: hdhomerun/myth/mms/udp
00:05:29 T:1329931320   DEBUG: CPlayerSelectionRule::Initialize: creating rule: lastfm/shout
00:05:29 T:1329931320   DEBUG: CPlayerSelectionRule::Initialize: creating rule: rtmp
00:05:29 T:1329931320   DEBUG: CPlayerSelectionRule::Initialize: creating rule: rtsp
00:05:29 T:1329931320   DEBUG: CPlayerSelectionRule::Initialize: creating rule: streams
00:05:29 T:1329931320   DEBUG: CPlayerSelectionRule::Initialize: creating rule: aacp/sdp
00:05:29 T:1329931320   DEBUG: CPlayerSelectionRule::Initialize: creating rule: mp2
00:05:29 T:1329931320   DEBUG: CPlayerSelectionRule::Initialize: creating rule: dvd
00:05:29 T:1329931320   DEBUG: CPlayerSelectionRule::Initialize: creating rule: dvdimage
00:05:29 T:1329931320   DEBUG: CPlayerSelectionRule::Initialize: creating rule: sdp/asf
00:05:29 T:1329931320   DEBUG: CPlayerSelectionRule::Initialize: creating rule: nsv
00:05:29 T:1329931320   DEBUG: CPlayerSelectionRule::Initialize: creating rule: radio
00:05:29 T:1329931320  NOTICE: Loaded playercorefactory configuration
00:05:29 T:1329931320  NOTICE: Loading player core factory settings from special://masterprofile/playercorefactory.xml.
00:05:29 T:1329931320  NOTICE: special://masterprofile/playercorefactory.xml does not exist. Skipping.
00:05:29 T:1329931320  NOTICE: void CWakeOnAccess::LoadFromXML() - unable to load:/storage/sdcard0/Android/data/org.xbmc.xbmc/files/.xbmc/userdata/wakeonlan.xml
00:05:29 T:1329931320    INFO: creating subdirectories
00:05:29 T:1329931320    INFO: userdata folder: special://masterprofile/
00:05:29 T:1329931320    INFO: recording folder:
00:05:29 T:1329931320    INFO: screenshots folder:
00:05:29 T:1329931320    INFO: load language info file: special://xbmc/language/English/langinfo.xml
00:05:29 T:1329931320   DEBUG: trying to set locale to en_US.UTF-8
00:05:29 T:1329931320    INFO: global locale set to C
00:05:29 T:1329931320    INFO: load English language file, from path: special://xbmc/language/
00:05:29 T:1329931320   DEBUG: POParser: loaded 3063 strings from file /data/data/org.xbmc.xbmc/cache/apk/assets/language/English/strings.po
00:05:29 T:1329931320   DEBUG: SECTION:LoadDLL(libavutil-52-arm.so)
00:05:29 T:1329931320   DEBUG: Loading: /data/data/org.xbmc.xbmc/lib/libavutil-52-arm.so
00:05:29 T:1329931320   DEBUG: SECTION:LoadDLL(libavcodec-54-arm.so)
00:05:29 T:1329931320   DEBUG: Loading: /data/data/org.xbmc.xbmc/lib/libavcodec-54-arm.so
00:05:29 T:1329931320   DEBUG: SECTION:LoadDLL(libavformat-54-arm.so)
00:05:29 T:1329931320   DEBUG: Loading: /data/data/org.xbmc.xbmc/lib/libavformat-54-arm.so
00:05:29 T:1335397768  NOTICE: Found 1 Lists of Devices
00:05:29 T:1335397768  NOTICE: Enumerated AUDIOTRACK devices:
00:05:29 T:1335397768  NOTICE:     Device 1
00:05:29 T:1335397768  NOTICE:         m_deviceName      : AudioTrack
00:05:29 T:1335397768  NOTICE:         m_displayName     : android
00:05:29 T:1335397768  NOTICE:         m_displayNameExtra: audiotrack
00:05:29 T:1335397768  NOTICE:         m_deviceType      : AE_DEVTYPE_PCM
00:05:29 T:1335397768  NOTICE:         m_channels        : FL,FR
00:05:29 T:1335397768  NOTICE:         m_sampleRates     : 44100,48000
00:05:29 T:1335397768  NOTICE:         m_dataFormats     : AE_FMT_S16LE,AE_FMT_FLOAT
00:05:29 T:1336005664    INFO: CActiveAE::OpenSink - sink incompatible, re-starting
00:05:29 T:1336005664   DEBUG: CActiveAE::OpenSink - trying to open device default
00:05:29 T:1335698528   DEBUG: CAESinkAUDIOTRACK::Process
00:05:29 T:1336005664   DEBUG: CActiveAE::OpenSink - AUDIOTRACK Initialized:
00:05:29 T:1336005664   DEBUG:   Output Device : Device not found
00:05:29 T:1336005664   DEBUG:   Sample Rate   : 44100
00:05:29 T:1336005664   DEBUG:   Sample Format : AE_FMT_FLOAT
00:05:29 T:1336005664   DEBUG:   Channel Count : 2
00:05:29 T:1336005664   DEBUG:   Channel Layout: FL,FR
00:05:29 T:1336005664   DEBUG:   Frames        : 4096
00:05:29 T:1336005664   DEBUG:   Frame Samples : 8192
00:05:29 T:1336005664   DEBUG:   Frame Size    : 8
00:05:29 T:1329931320  NOTICE: Running database version Addons15
00:05:29 T:1329931320   DEBUG: SECTION:LoadDLL(libcpluff-arm.so)
00:05:29 T:1329931320   DEBUG: Loading: /data/data/org.xbmc.xbmc/lib/libcpluff-arm.so
00:05:29 T:1329931320   DEBUG: bool PERIPHERALS::CPeripherals::LoadMappings() - loaded node "Motorola Nyxboard Hybrid"
00:05:29 T:1329931320   DEBUG: bool PERIPHERALS::CPeripherals::LoadMappings() - loaded node "CEC Adapter"
00:05:29 T:1329931320   DEBUG: bool PERIPHERALS::CPeripherals::LoadMappings() - loaded node "Pulse-Eight CEC Adapter"
00:05:29 T:1329931320   DEBUG: bool PERIPHERALS::CPeripherals::LoadMappings() - loaded node "iMON HID device"
00:05:29 T:1329931320   DEBUG: PERIPHERALS::CPeripheralBusUSB::CPeripheralBusUSB(PERIPHERALS::CPeripherals*) - using libusb peripheral scanning
00:05:29 T:1329931320   DEBUG: SECTION:LoadDLL(libcec.so)
00:05:29 T:1329931320   DEBUG: Loading: /system/lib/libcec.so
00:05:29 T:1329931320 WARNING: Unable to resolve: libcec.so CECInitialise, reason: Symbol not found:
00:05:29 T:1329931320   ERROR: Unable to resolve exports from dll libcec.so
00:05:29 T:1329931320   ERROR: virtual void PERIPHERALS::CPeripherals::Initialise() - failed to initialise bus cec
00:05:29 T:1329931320  NOTICE: virtual bool CWinSystemEGL::InitWindowSystem(): Using EGL Implementation: android
00:05:29 T:1329931320   DEBUG: bool CWinSystemEGL::CreateWindow(RESOLUTION_INFO&): Created surface of size 800x480
00:05:29 T:1329931320  NOTICE: Current resolution: 800x480 @ 60.00 - Full Screen
00:05:29 T:1329931320  NOTICE: Previous line repeats 1 times.
00:05:29 T:1329931320  NOTICE: Found resolution 800 x 480 for display 0 with 800 x 480 @ 60.000000 Hz
00:05:29 T:1329931320  NOTICE: Found (800x480@60.000000) at 16, setting to RES_DESKTOP at 16
00:05:29 T:1329931320  NOTICE: Checking resolution 16
00:05:29 T:1329931320  NOTICE: Current resolution: 800x480 @ 60.00 - Full Screen
00:05:29 T:1329931320  NOTICE: bool CWinSystemEGL::CreateWindow(RESOLUTION_INFO&): Could not create a surface. Trying with a fresh Native Window.
00:05:29 T:1329931320   DEBUG: bool CWinSystemEGL::CreateWindow(RESOLUTION_INFO&): Created surface of size 800x480
00:05:29 T:1329931320  NOTICE: GL_VENDOR = ARM
00:05:29 T:1329931320  NOTICE: GL_RENDERER = Mali-400 MP
00:05:29 T:1329931320  NOTICE: GL_VERSION = OpenGL ES 2.0
00:05:29 T:1329931320  NOTICE: GL_SHADING_LANGUAGE_VERSION = OpenGL ES GLSL ES 1.00
00:05:29 T:1329931320   DEBUG: GLES: Extension Support Test - GL_NVX_gpu_memory_info NO
00:05:29 T:1329931320  NOTICE: GL_EXTENSIONS = GL_EXT_debug_marker GL_OES_texture_npot GL_OES_compressed_ETC1_RGB8_texture GL_OES_standard_derivatives GL_OES_EGL_image GL_OES_depth24 GL_ARM_rgba8 GL_ARM_mali_shader_binary GL_OES_depth_texture GL_OES_packed_depth_stencil GL_EXT_texture_format_BGRA8888 GL_EXT_blend_minmax GL_OES_EGL_image_external GL_OES_EGL_sync GL_OES_rgb8_rgba8 GL_EXT_multisampled_render_to_texture GL_EXT_discard_framebuffer
00:05:29 T:1329931320   DEBUG: GLES: Extension Support Test - GL_EXT_texture_format_BGRA8888 YES
00:05:29 T:1329931320   DEBUG: GLES: Extension Support Test - GL_IMG_texture_format_BGRA8888 NO
00:05:29 T:1329931320   DEBUG: GLES: Extension Support Test - GL_APPLE_texture_format_BGRA8888 NO
00:05:29 T:1329931320   DEBUG: GL: Vertex Shader compilation log:
00:05:29 T:1329931320   DEBUG: GL: Vertex Shader compiled successfully
00:05:29 T:1329931320   DEBUG: GL: Pixel Shader compilation log:
00:05:29 T:1329931320   DEBUG: GL: Fragment Shader compiled successfully
00:05:29 T:1329931320   DEBUG: GUI Shader [guishader_frag_default.glsl]- Initialise successful : 0x4f9d5f20
00:05:29 T:1329931320   DEBUG: GL: Vertex Shader compilation log:
00:05:29 T:1329931320   DEBUG: GL: Vertex Shader compiled successfully
00:05:29 T:1329931320   DEBUG: GL: Pixel Shader compilation log:
00:05:29 T:1329931320   DEBUG: GL: Fragment Shader compiled successfully
00:05:29 T:1329931320   DEBUG: GUI Shader [guishader_frag_texture.glsl]- Initialise successful : 0x5166d610
00:05:29 T:1329931320   DEBUG: GL: Vertex Shader compilation log:
00:05:29 T:1329931320   DEBUG: GL: Vertex Shader compiled successfully
00:05:29 T:1329931320   DEBUG: GL: Pixel Shader compilation log:
00:05:29 T:1329931320   DEBUG: GL: Fragment Shader compiled successfully
00:05:29 T:1329931320   DEBUG: GUI Shader [guishader_frag_multi.glsl]- Initialise successful : 0x4fcb9350
00:05:29 T:1329931320   DEBUG: GL: Vertex Shader compilation log:
00:05:29 T:1329931320   DEBUG: GL: Vertex Shader compiled successfully
00:05:29 T:1329931320   DEBUG: GL: Pixel Shader compilation log:
00:05:29 T:1329931320   DEBUG: GL: Fragment Shader compiled successfully
00:05:29 T:1329931320   DEBUG: GUI Shader [guishader_frag_fonts.glsl]- Initialise successful : 0x4fc6da90
00:05:29 T:1329931320   DEBUG: GL: Vertex Shader compilation log:
00:05:29 T:1329931320   DEBUG: GL: Vertex Shader compiled successfully
00:05:29 T:1329931320   DEBUG: GL: Pixel Shader compilation log:
00:05:29 T:1329931320   DEBUG: GL: Fragment Shader compiled successfully
00:05:29 T:1329931320   DEBUG: GUI Shader [guishader_frag_texture_noblend.glsl]- Initialise successful : 0x516a9b60
00:05:29 T:1329931320   DEBUG: GL: Vertex Shader compilation log:
00:05:29 T:1329931320   DEBUG: GL: Vertex Shader compiled successfully
00:05:29 T:1329931320   DEBUG: GL: Pixel Shader compilation log:
00:05:29 T:1329931320   DEBUG: GL: Fragment Shader compiled successfully
00:05:29 T:1329931320   DEBUG: GUI Shader [guishader_frag_multi_blendcolor.glsl]- Initialise successful : 0x5171cca0
00:05:29 T:1329931320   DEBUG: GL: Vertex Shader compilation log:
00:05:29 T:1329931320   DEBUG: GL: Vertex Shader compiled successfully
00:05:29 T:1329931320   DEBUG: GL: Pixel Shader compilation log:
00:05:29 T:1329931320   DEBUG: GL: Fragment Shader compiled successfully
00:05:29 T:1329931320   DEBUG: GUI Shader [guishader_frag_rgba.glsl]- Initialise successful : 0x4fcb3ca0
00:05:29 T:1329931320   DEBUG: GL: Vertex Shader compilation log:
00:05:29 T:1329931320   DEBUG: GL: Vertex Shader compiled successfully
00:05:29 T:1329931320   DEBUG: GL: Pixel Shader compilation log:
00:05:29 T:1329931320   DEBUG: GL: Fragment Shader compiled successfully
00:05:29 T:1329931320   DEBUG: GUI Shader [guishader_frag_rgba_blendcolor.glsl]- Initialise successful : 0x4fcb6068
00:05:29 T:1329931320  NOTICE: Current resolution: 800x480 @ 60.00 - Full Screen
00:05:29 T:1329931320   DEBUG: CWinSystemEGL::CreateNewWindow: No need to create a new window
00:05:29 T:1329931320    INFO: GLES: Maximum texture width: 4096
00:05:29 T:1329931320   DEBUG: CRenderManager::UpdateDisplayLatency - Latency set to 0 msec
00:05:29 T:1329931320    INFO: load default splash image: /data/data/org.xbmc.xbmc/cache/apk/assets/media/Splash.png
00:05:29 T:1329931320   DEBUG: SECTION:LoadDLL(libImageLib-arm.so)
00:05:29 T:1329931320   DEBUG: Loading: /data/data/org.xbmc.xbmc/lib/libImageLib-arm.so
00:05:29 T:1329931320    INFO: load keymapping
00:05:29 T:1329931320    INFO: Loading special://xbmc/system/keymaps/appcommand.xml
00:05:29 T:1329931320    INFO: Loading special://xbmc/system/keymaps/gamepad.xml
00:05:29 T:1329931320    INFO: Loading special://xbmc/system/keymaps/joystick.Alienware.Dual.Compatible.Controller.xml
00:05:29 T:1329931320    INFO: Loading special://xbmc/system/keymaps/joystick.AppleRemote.xml
00:05:29 T:1329931320    INFO: Loading special://xbmc/system/keymaps/joystick.Interact.AxisPad.xml
00:05:29 T:1329931320    INFO: Loading special://xbmc/system/keymaps/joystick.Logitech.RumblePad.2.xml
00:05:29 T:1329931320    INFO: Loading special://xbmc/system/keymaps/joystick.Microsoft.Xbox.360.Controller.xml
00:05:29 T:1329931320    INFO: Loading special://xbmc/system/keymaps/joystick.Microsoft.Xbox.Controller.S.xml
00:05:29 T:1329931320    INFO: Loading special://xbmc/system/keymaps/joystick.PS3.Remote.Keyboard.xml
00:05:29 T:1329931320    INFO: Loading special://xbmc/system/keymaps/joystick.Sony.PLAYSTATION(R)3.Controller.xml
00:05:29 T:1329931320    INFO: Loading special://xbmc/system/keymaps/joystick.WiiRemote.xml
00:05:29 T:1329931320    INFO: Loading special://xbmc/system/keymaps/keyboard.xml
00:05:29 T:1329931320    INFO: Loading special://xbmc/system/keymaps/mouse.xml
00:05:29 T:1329931320    INFO: Loading special://xbmc/system/keymaps/remote.xml
00:05:29 T:1329931320    INFO: Loading special://xbmc/system/keymaps/touchscreen.xml
00:05:29 T:1329931320    INFO: GUI format 800x480, Display 800x480 @ 60.00 - Full Screen
00:05:29 T:1329931320   DEBUG: guilib: Fill viewport on change for solving rendering passes
00:05:29 T:1329931320   DEBUG: SECTION:LoadDLL(libcurl.so)
00:05:29 T:1329931320   DEBUG: Loading: /data/data/org.xbmc.xbmc/lib/libcurl.so
00:05:29 T:1329931320  NOTICE: Running database version Addons15
00:05:29 T:1329931320   DEBUG: void CDatabaseManager::Initialize(bool), updating databases...
00:05:29 T:1329931320  NOTICE: Running database version ViewModes6
00:05:29 T:1329931320  NOTICE: Running database version Textures13
00:05:29 T:1329931320  NOTICE: Running database version MyMusic37
00:05:29 T:1329931320  NOTICE: Running database version MyVideos76
00:05:29 T:1329931320  NOTICE: Running database version TV22
00:05:29 T:1329931320  NOTICE: Running database version Epg7
00:05:29 T:1329931320   DEBUG: void CDatabaseManager::Initialize(bool), updating databases... DONE
00:05:29 T:1329931320  NOTICE: initializing playlistplayer
00:05:29 T:1329931320  NOTICE: DONE initializing playlistplayer
00:05:29 T:1329931320    INFO: DPMS: not supported on this platform
00:05:29 T:1329931320   DEBUG: CAnnouncementManager - Announcement: OnClear from xbmc
00:05:29 T:1329931320   DEBUG: GOT ANNOUNCEMENT, type: 2, from xbmc, message OnClear
00:05:29 T:1329931320    INFO: Unloading old skin ...
00:05:29 T:1329931320    INFO:   load skin from: /storage/sdcard0/Android/data/org.xbmc.xbmc/files/.xbmc/addons/skin.mvl (version: 1.0.23)
00:05:29 T:1329931320    INFO:   load fonts for skin...
00:05:29 T:1329931320    INFO: Loading fonts from /storage/sdcard0/Android/data/org.xbmc.xbmc/files/.xbmc/addons/skin.mvl/1080i/Font.xml
00:05:29 T:1329931320   DEBUG: POParser: loaded 83 strings from file /storage/sdcard0/Android/data/org.xbmc.xbmc/files/.xbmc/addons/skin.mvl/language/English/strings.po
00:05:29 T:1329931320    INFO: Loading skin includes from /storage/sdcard0/Android/data/org.xbmc.xbmc/files/.xbmc/addons/skin.mvl/1080i/includes.xml
00:05:29 T:1329931320    INFO:   load new skin...
00:05:29 T:1329931320    INFO: Loading user windows, path /storage/sdcard0/Android/data/org.xbmc.xbmc/files/.xbmc/addons/skin.mvl/1080i
00:05:29 T:1329931320   DEBUG: Load Skin XML: 50.18ms
00:05:29 T:1329931320    INFO:   initialize new skin...
00:05:29 T:1329931320   DEBUG: guilib: Fill viewport on change for solving rendering passes
00:05:29 T:1329931320    INFO: Loading skin file: Pointer.xml, load type: LOAD_ON_GUI_INIT
00:05:29 T:1329931320   DEBUG: Load Pointer.xml: 1.31ms
00:05:29 T:1329931320   DEBUG: bool CTextureBundleXBT::OpenBundle() - Opened bundle /storage/sdcard0/Android/data/org.xbmc.xbmc/files/.xbmc/addons/skin.mvl/media/Textures.xbt
00:05:29 T:1329931320   DEBUG: Alloc resources: 5.65ms  (1.39 ms skin load)
00:05:29 T:1329931320    INFO: Loading skin file: DialogVolumeBar.xml, load type: LOAD_ON_GUI_INIT
00:05:29 T:1329931320   DEBUG: Load DialogVolumeBar.xml: 2.34ms
00:05:29 T:1329931320   DEBUG: Alloc resources: 2.44ms  (2.44 ms skin load)
00:05:29 T:1329931320    INFO: Loading skin file: DialogKaiToast.xml, load type: LOAD_ON_GUI_INIT
00:05:29 T:1329931320   DEBUG: Load DialogKaiToast.xml: 3.63ms
00:05:29 T:1329931320   DEBUG: Alloc resources: 3.71ms  (3.71 ms skin load)
00:05:29 T:1329931320    INFO: Loading skin file: DialogMuteBug.xml, load type: LOAD_ON_GUI_INIT
00:05:29 T:1329931320   DEBUG: Load DialogMuteBug.xml: 0.56ms
00:05:29 T:1329931320   DEBUG: Alloc resources: 0.63ms  (0.63 ms skin load)
00:05:29 T:1329931320    INFO: Loading skin file: DialogSeekBar.xml, load type: LOAD_ON_GUI_INIT
00:05:29 T:1329931320   DEBUG: Load DialogSeekBar.xml: 11.10ms
00:05:29 T:1329931320   DEBUG: Alloc resources: 11.97ms  (11.22 ms skin load)
00:05:29 T:1329931320    INFO: Loading skin file: DialogBusy.xml, load type: LOAD_ON_GUI_INIT
00:05:29 T:1329931320   DEBUG: Load DialogBusy.xml: 1.56ms
00:05:29 T:1329931320   DEBUG: Alloc resources: 1.65ms  (1.65 ms skin load)
00:05:29 T:1329931320    INFO: Loading skin file: DialogExtendedProgressBar.xml, load type: LOAD_ON_GUI_INIT
00:05:29 T:1329931320   DEBUG: Load DialogExtendedProgressBar.xml: 2.76ms
00:05:29 T:1329931320   DEBUG: Alloc resources: 2.84ms  (2.83 ms skin load)
00:05:29 T:1329931320    INFO: Loading /storage/sdcard0/Android/data/org.xbmc.xbmc/files/.xbmc/addons/skin.mvl/sounds/sounds.xml
00:05:29 T:1335397768   DEBUG: SECTION:LoadDLL(libswresample-0-arm.so)
00:05:29 T:1335397768   DEBUG: Loading: /data/data/org.xbmc.xbmc/lib/libswresample-0-arm.so
00:05:29 T:1329931320    INFO:   skin loaded...
00:05:30 T:1329931320    INFO: JSONRPC v6.6.2: Successfully initialized
00:05:30 T:1329931320   DEBUG: ADDON: Starting service addons.
00:05:30 T:1329931320   DEBUG: Activating window ID: 12999
00:05:30 T:1329931320   DEBUG: ------ Window Init (Startup.xml) ------
00:05:30 T:1329931320    INFO: Loading skin file: Startup.xml, load type: LOAD_EVERY_TIME
00:05:30 T:1329931320   DEBUG: Load Startup.xml: 4.78ms
00:05:30 T:1329931320   DEBUG: Alloc resources: 5.03ms  (5.02 ms skin load)
00:05:30 T:1329931320    INFO: removing tempfiles
00:05:30 T:1454490240    INFO: initializing python engine.
00:05:30 T:1329931320   DEBUG: ADDON: Starting service addons.
00:05:30 T:1329931320  NOTICE: initialize done
00:05:30 T:1329931320  NOTICE: Running the application...
00:05:30 T:1329931320   DEBUG: bool CApplication::ExecuteXBMCAction(std::string) : Translating SetFocus(11)
00:05:30 T:1329931320   DEBUG: bool CApplication::ExecuteXBMCAction(std::string) : To SetFocus(11)
00:05:30 T:1329931320   DEBUG: no profile autoexec.py (/storage/sdcard0/Android/data/org.xbmc.xbmc/files/.xbmc/userdata/autoexec.py) found, skipping
00:05:30 T:1329931320   DEBUG: void CNetwork::NetworkMessage(CNetwork::EMESSAGE, int) - Starting network services
00:05:30 T:1329931320  NOTICE: starting zeroconf publishing
00:05:30 T:1329931320  NOTICE: ES: Starting event server
00:05:30 T:1329931320    INFO: JSONRPC Server: Successfully initialized
00:05:30 T:1454492312    INFO: initializing python engine.
00:05:30 T:1454493640  NOTICE: ES: Starting UDP Event server on 0.0.0.0:9777
00:05:30 T:1329931320  NOTICE: Current resolution: 800x480 @ 60.00 - Full Screen
00:05:30 T:1329931320   DEBUG: CWinSystemEGL::CreateNewWindow: No need to create a new window
00:05:30 T:1329931320  NOTICE: GL_VENDOR = ARM
00:05:30 T:1329931320  NOTICE: GL_RENDERER = Mali-400 MP
00:05:30 T:1329931320  NOTICE: GL_VERSION = OpenGL ES 2.0
00:05:30 T:1329931320  NOTICE: GL_SHADING_LANGUAGE_VERSION = OpenGL ES GLSL ES 1.00
00:05:30 T:1329931320   DEBUG: GLES: Extension Support Test - GL_NVX_gpu_memory_info NO
00:05:30 T:1329931320  NOTICE: GL_EXTENSIONS = GL_EXT_debug_marker GL_OES_texture_npot GL_OES_compressed_ETC1_RGB8_texture GL_OES_standard_derivatives GL_OES_EGL_image GL_OES_depth24 GL_ARM_rgba8 GL_ARM_mali_shader_binary GL_OES_depth_texture GL_OES_packed_depth_stencil GL_EXT_texture_format_BGRA8888 GL_EXT_blend_minmax GL_OES_EGL_image_external GL_OES_EGL_sync GL_OES_rgb8_rgba8 GL_EXT_multisampled_render_to_texture GL_EXT_discard_framebuffer
00:05:30 T:1329931320   DEBUG: GLES: Extension Support Test - GL_EXT_texture_format_BGRA8888 YES
00:05:30 T:1329931320   DEBUG: GLES: Extension Support Test - GL_IMG_texture_format_BGRA8888 NO
00:05:30 T:1329931320   DEBUG: GLES: Extension Support Test - GL_APPLE_texture_format_BGRA8888 NO
00:05:30 T:1329931320   DEBUG: GUI Shader - Tried to Initialise again. Was this intentional?
00:05:30 T:1454493256   DEBUG: ZeroconfMDNS: identifier: servers.jsonrpc-tpc type: _xbmc-jsonrpc._tcp name:XBMC (localhost) port:9090
00:05:30 T:1454493640  NOTICE: UDP: Listening on port 9777
00:05:30 T:1454492824   DEBUG: ZeroconfEmbedded - processing...
00:05:30 T:1454493256   DEBUG: ZeroconfMDNS: identifier: servers.eventserver type: _xbmc-events._udp name:XBMC (localhost) port:9777
00:05:30 T:1329931320   DEBUG: bool CApplication::ExecuteXBMCAction(std::string) : Translating SetFocus(12)
00:05:30 T:1329931320   DEBUG: bool CApplication::ExecuteXBMCAction(std::string) : To SetFocus(12)
00:05:30 T:1329931320   DEBUG: bool CApplication::ExecuteXBMCAction(std::string) : Translating ReplaceWindow(Home)
00:05:30 T:1329931320   DEBUG: bool CApplication::ExecuteXBMCAction(std::string) : To ReplaceWindow(Home)
00:05:30 T:1329931320   DEBUG: Activating window ID: 10000
00:05:30 T:1329931320   DEBUG: ------ Window Deinit (Startup.xml) ------
00:05:30 T:1329931320   DEBUG: ------ Window Init (Home.xml) ------
00:05:30 T:1329931320    INFO: Loading skin file: Home.xml, load type: KEEP_IN_MEMORY
00:05:30 T:1329931320   DEBUG: Load Home.xml: 77.46ms
00:05:30 T:1329931320   DEBUG: Alloc resources: 77.75ms  (77.60 ms skin load)
00:05:30 T:1329931320   DEBUG: bool CApplication::ExecuteXBMCAction(std::string) : Translating Container.SetViewMode(50)
00:05:30 T:1329931320   DEBUG: bool CApplication::ExecuteXBMCAction(std::string) : To Container.SetViewMode(50)
00:05:30 T:1454493256   DEBUG: CRecentlyAddedJob::UpdateMusic() - Running RecentlyAdded home screen update
00:05:30 T:1454493256   DEBUG: GetRecentlyAddedAlbumSongs() query: SELECT songview.* FROM (SELECT idAlbum FROM albumview ORDER BY idAlbum DESC LIMIT 10) AS recentalbums JOIN songview ON songview.idAlbum=recentalbums.idAlbum
00:05:30 T:1454493256   DEBUG: bool CMusicDatabase::GetRecentlyAddedAlbums(VECALBUMS&, unsigned int) query: select * from albumview where strAlbum != '' order by idAlbum desc limit 10
00:05:30 T:1454493256   DEBUG: CRecentlyAddedJob::UpdateVideos() - Running RecentlyAdded home screen update
00:05:30 T:1454490240   DEBUG: CPythonInvoker(0, /storage/sdcard0/Android/data/org.xbmc.xbmc/files/.xbmc/addons/script.module.simple.downloader/default.py): start processing
00:05:30 T:1454492312   DEBUG: CPythonInvoker(1, /storage/sdcard0/Android/data/org.xbmc.xbmc/files/.xbmc/addons/script.common.plugin.cache/default.py): start processing
00:05:30 T:1455988632   DEBUG: virtual bool CImageLoader::DoWork() - took 259 ms to load special://skin/backgrounds/default/default.jpg
00:05:30 T:1454493256   DEBUG: int CVideoDatabase::RunQuery(const CStdString&) took 1 ms for 0 items query: select * from movieview  ORDER BY dateAdded desc, idMovie desc LIMIT 10
00:05:30 T:1454493256   DEBUG: int CVideoDatabase::RunQuery(const CStdString&) took 1 ms for 0 items query: select * from episodeview  ORDER BY dateAdded desc, idEpisode desc LIMIT 10
00:05:30 T:1454493256   DEBUG: int CVideoDatabase::RunQuery(const CStdString&) took 1 ms for 0 items query: select * from musicvideoview  ORDER BY dateAdded desc, idMVideo desc LIMIT 10
00:05:30 T:1454493256   DEBUG: CRecentlyAddedJob::UpdateTotal() - Running RecentlyAdded home screen update
00:05:30 T:1453282016   DEBUG: virtual bool CImageLoader::DoWork() - took 186 ms to load special://skin/backgrounds/mvl_bg.jpg
00:05:30 T:1454490240  NOTICE: -->Python Interpreter Initialized<--
00:05:30 T:1454490240   DEBUG: CPythonInvoker(0, /storage/sdcard0/Android/data/org.xbmc.xbmc/files/.xbmc/addons/script.module.simple.downloader/default.py): the source file to load is /storage/sdcard0/Android/data/org.xbmc.xbmc/files/.xbmc/addons/script.module.simple.downloader/default.py
00:05:30 T:1454490240   DEBUG: CPythonInvoker(0, /storage/sdcard0/Android/data/org.xbmc.xbmc/files/.xbmc/addons/script.module.simple.downloader/default.py): setting the Python path to /storage/sdcard0/Android/data/org.xbmc.xbmc/files/.xbmc/addons/script.module.simple.downloader:/storage/sdcard0/Android/data/org.xbmc.xbmc/files/.xbmc/addons/script.module.t0mm0.common/lib:/storage/sdcard0/Android/data/org.xbmc.xbmc/files/.xbmc/addons/script.module.simplejson/lib:/data/data/org.xbmc.xbmc/cache/apk/assets/addons/script.module.pil/lib:/storage/sdcard0/Android/data/org.xbmc.xbmc/files/.xbmc/addons/script.common.plugin.cache/lib:/storage/sdcard0/Android/data/org.xbmc.xbmc/files/.xbmc/addons/script.module.simple.downloader/lib:/storage/sdcard0/Android/data/org.xbmc.xbmc/files/.xbmc/addons/script.module.urlresolver/lib:/data/data/org.xbmc.xbmc/cache/apk/assets/addons/xbmc.debug/:/storage/sdcard0/Android/data/org.xbmc.xbmc/files/.xbmc/addons/script.module.parsedom/lib:/storage/sdcard0/Android/data/org.xbmc.xbmc/files/.xbmc/addons/script.module.xbmcswift2/lib:/data/data/org.xbmc.xbmc/cache/apk/assets/addons/script.module.pysqlite/lib:/storage/sdcard0/Android/data/org.xbmc.xbmc/files/.xbmc/addons/script.module.metahandler/lib:/:/data/app/org.xbmc.xbmc-1.apk/assets/python2.6/lib/python26.zip:/data/app/org.xbmc.xbmc-1.apk/assets/python2.6/lib/python2.6:/data/app/org.xbmc.xbmc-1.apk/assets/python2.6/lib/python2.6/plat-linux3:/data/app/org.xbmc.xbmc-1.apk/assets/python2.6/lib/python2.6/lib-tk:/data/app/org.xbmc.xbmc-1.apk/assets/python2.6/lib/python2.6/lib-old:/data/app/org.xbmc.xbmc-1.apk/assets/python2.6/lib/python2.6/lib-dynload
00:05:30 T:1454490240   DEBUG: CPythonInvoker(0, /storage/sdcard0/Android/data/org.xbmc.xbmc/files/.xbmc/addons/script.module.simple.downloader/default.py): entering source directory /storage/sdcard0/Android/data/org.xbmc.xbmc/files/.xbmc/addons/script.module.simple.downloader
00:05:30 T:1454490240   DEBUG: CPythonInvoker(0, /storage/sdcard0/Android/data/org.xbmc.xbmc/files/.xbmc/addons/script.module.simple.downloader/default.py): instantiating addon using automatically obtained id of "script.module.simple.downloader" dependent on version 2.1.0 of the xbmc.python api
00:05:30 T:1454492312  NOTICE: -->Python Interpreter Initialized<--
00:05:30 T:1454492312   DEBUG: CPythonInvoker(1, /storage/sdcard0/Android/data/org.xbmc.xbmc/files/.xbmc/addons/script.common.plugin.cache/default.py): the source file to load is /storage/sdcard0/Android/data/org.xbmc.xbmc/files/.xbmc/addons/script.common.plugin.cache/default.py
00:05:30 T:1454492312   DEBUG: CPythonInvoker(1, /storage/sdcard0/Android/data/org.xbmc.xbmc/files/.xbmc/addons/script.common.plugin.cache/default.py): setting the Python path to /storage/sdcard0/Android/data/org.xbmc.xbmc/files/.xbmc/addons/script.common.plugin.cache:/storage/sdcard0/Android/data/org.xbmc.xbmc/files/.xbmc/addons/script.module.t0mm0.common/lib:/storage/sdcard0/Android/data/org.xbmc.xbmc/files/.xbmc/addons/script.module.simplejson/lib:/data/data/org.xbmc.xbmc/cache/apk/assets/addons/script.module.pil/lib:/storage/sdcard0/Android/data/org.xbmc.xbmc/files/.xbmc/addons/script.common.plugin.cache/lib:/storage/sdcard0/Android/data/org.xbmc.xbmc/files/.xbmc/addons/script.module.simple.downloader/lib:/storage/sdcard0/Android/data/org.xbmc.xbmc/files/.xbmc/addons/script.module.urlresolver/lib:/data/data/org.xbmc.xbmc/cache/apk/assets/addons/xbmc.debug/:/storage/sdcard0/Android/data/org.xbmc.xbmc/files/.xbmc/addons/script.module.parsedom/lib:/storage/sdcard0/Android/data/org.xbmc.xbmc/files/.xbmc/addons/script.module.xbmcswift2/lib:/data/data/org.xbmc.xbmc/cache/apk/assets/addons/script.module.pysqlite/lib:/storage/sdcard0/Android/data/org.xbmc.xbmc/files/.xbmc/addons/script.module.metahandler/lib:/:/data/app/org.xbmc.xbmc-1.apk/assets/python2.6/lib/python26.zip:/data/app/org.xbmc.xbmc-1.apk/assets/python2.6/lib/python2.6:/data/app/org.xbmc.xbmc-1.apk/assets/python2.6/lib/python2.6/plat-linux3:/data/app/org.xbmc.xbmc-1.apk/assets/python2.6/lib/python2.6/lib-tk:/data/app/org.xbmc.xbmc-1.apk/assets/python2.6/lib/python2.6/lib-old:/data/app/org.xbmc.xbmc-1.apk/assets/python2.6/lib/python2.6/lib-dynload
00:05:30 T:1454492312   DEBUG: CPythonInvoker(1, /storage/sdcard0/Android/data/org.xbmc.xbmc/files/.xbmc/addons/script.common.plugin.cache/default.py): entering source directory /storage/sdcard0/Android/data/org.xbmc.xbmc/files/.xbmc/addons/script.common.plugin.cache
00:05:30 T:1454492312   DEBUG: CPythonInvoker(1, /storage/sdcard0/Android/data/org.xbmc.xbmc/files/.xbmc/addons/script.common.plugin.cache/default.py): instantiating addon using automatically obtained id of "script.common.plugin.cache" dependent on version 2.1.0 of the xbmc.python api
00:05:30 T:1454492312    INFO: CPythonInvoker(1, /storage/sdcard0/Android/data/org.xbmc.xbmc/files/.xbmc/addons/script.common.plugin.cache/default.py): script successfully run
00:05:30 T:1454492312    INFO: Python script stopped
00:05:30 T:1454490240    INFO: CPythonInvoker(0, /storage/sdcard0/Android/data/org.xbmc.xbmc/files/.xbmc/addons/script.module.simple.downloader/default.py): script successfully run
00:05:30 T:1454490240    INFO: Python script stopped
00:05:31 T:1454492824   DEBUG: ZeroconfMDNS: XBMC (localhost)._xbmc-jsonrpc._tcp.local. registration removed
00:05:31 T:1454492824   DEBUG: ZeroconfMDNS: XBMC (localhost)._xbmc-events._udp.local. registration removed
00:05:33 T:1329931320   DEBUG: Unfocus WindowID: 10000, ControlID: 300
00:05:34 T:1329931320   DEBUG: bool CApplication::ExecuteXBMCAction(std::string) : Translating XBMC.RunAddon(plugin.video.mvl)
00:05:34 T:1329931320   DEBUG: bool CApplication::ExecuteXBMCAction(std::string) : To XBMC.RunAddon(plugin.video.mvl)
00:05:34 T:1329931320   DEBUG: Activating window ID: 10025
00:05:34 T:1329931320   DEBUG: ------ Window Deinit (Home.xml) ------
00:05:34 T:1329931320   DEBUG: ------ Window Init (MyVideoNav.xml) ------
00:05:34 T:1329931320    INFO: Loading skin file: MyVideoNav.xml, load type: KEEP_IN_MEMORY
00:05:34 T:1329931320   DEBUG: Load MyVideoNav.xml: 245.27ms
00:05:34 T:1329931320   DEBUG: Alloc resources: 251.81ms  (245.58 ms skin load)
00:05:34 T:1329931320   DEBUG: CGUIMediaWindow::GetDirectory (plugin://plugin.video.mvl)
00:05:34 T:1329931320   DEBUG:   ParentPath = [plugin://plugin.video.mvl]
00:05:34 T:1329931320   DEBUG: bool XFILE::CPluginDirectory::StartScript(const CStdString&, bool) - calling plugin My Video library('plugin://plugin.video.mvl/','1','')
00:05:34 T:1329931320   DEBUG: bool XFILE::CPluginDirectory::WaitOnScriptResult(const CStdString&, int, const CStdString&, bool) - waiting on the My Video library (id=2) plugin...
00:05:34 T:1456612888    INFO: initializing python engine.
00:05:34 T:1456612888   DEBUG: CPythonInvoker(2, /storage/sdcard0/Android/data/org.xbmc.xbmc/files/.xbmc/addons/plugin.video.mvl/default.py): start processing
00:05:34 T:1456612888  NOTICE: -->Python Interpreter Initialized<--
00:05:34 T:1456612888   DEBUG: CPythonInvoker(2, /storage/sdcard0/Android/data/org.xbmc.xbmc/files/.xbmc/addons/plugin.video.mvl/default.py): the source file to load is /storage/sdcard0/Android/data/org.xbmc.xbmc/files/.xbmc/addons/plugin.video.mvl/default.py
00:05:34 T:1456612888   DEBUG: CPythonInvoker(2, /storage/sdcard0/Android/data/org.xbmc.xbmc/files/.xbmc/addons/plugin.video.mvl/default.py): setting the Python path to /storage/sdcard0/Android/data/org.xbmc.xbmc/files/.xbmc/addons/plugin.video.mvl:/storage/sdcard0/Android/data/org.xbmc.xbmc/files/.xbmc/addons/script.module.t0mm0.common/lib:/storage/sdcard0/Android/data/org.xbmc.xbmc/files/.xbmc/addons/script.module.simplejson/lib:/data/data/org.xbmc.xbmc/cache/apk/assets/addons/script.module.pil/lib:/storage/sdcard0/Android/data/org.xbmc.xbmc/files/.xbmc/addons/script.common.plugin.cache/lib:/storage/sdcard0/Android/data/org.xbmc.xbmc/files/.xbmc/addons/script.module.simple.downloader/lib:/storage/sdcard0/Android/data/org.xbmc.xbmc/files/.xbmc/addons/script.module.urlresolver/lib:/data/data/org.xbmc.xbmc/cache/apk/assets/addons/xbmc.debug/:/storage/sdcard0/Android/data/org.xbmc.xbmc/files/.xbmc/addons/script.module.parsedom/lib:/storage/sdcard0/Android/data/org.xbmc.xbmc/files/.xbmc/addons/script.module.xbmcswift2/lib:/data/data/org.xbmc.xbmc/cache/apk/assets/addons/script.module.pysqlite/lib:/storage/sdcard0/Android/data/org.xbmc.xbmc/files/.xbmc/addons/script.module.metahandler/lib:/:/data/app/org.xbmc.xbmc-1.apk/assets/python2.6/lib/python26.zip:/data/app/org.xbmc.xbmc-1.apk/assets/python2.6/lib/python2.6:/data/app/org.xbmc.xbmc-1.apk/assets/python2.6/lib/python2.6/plat-linux3:/data/app/org.xbmc.xbmc-1.apk/assets/python2.6/lib/python2.6/lib-tk:/data/app/org.xbmc.xbmc-1.apk/assets/python2.6/lib/python2.6/lib-old:/data/app/org.xbmc.xbmc-1.apk/assets/python2.6/lib/python2.6/lib-dynload
00:05:34 T:1456612888   DEBUG: CPythonInvoker(2, /storage/sdcard0/Android/data/org.xbmc.xbmc/files/.xbmc/addons/plugin.video.mvl/default.py): entering source directory /storage/sdcard0/Android/data/org.xbmc.xbmc/files/.xbmc/addons/plugin.video.mvl
00:05:34 T:1456612888   DEBUG: CPythonInvoker(2, /storage/sdcard0/Android/data/org.xbmc.xbmc/files/.xbmc/addons/plugin.video.mvl/default.py): instantiating addon using automatically obtained id of "plugin.video.mvl" dependent on version 2.1.0 of the xbmc.python api
00:05:35 T:1456612888   DEBUG: urlresolver: adding plugin dir: /storage/sdcard0/Android/data/org.xbmc.xbmc/files/.xbmc/addons/script.module.urlresolver/lib/urlresolver/plugins
00:05:35 T:1456612888   DEBUG: urlresolver: registering plugin: 180upload (OneeightyuploadResolver), as: UrlResolver (P=100)
00:05:35 T:1456612888   DEBUG: urlresolver: registering plugin: 180upload (OneeightyuploadResolver), as: PluginSettings (P=100)
00:05:35 T:1456612888   DEBUG: urlresolver: registering plugin: 2gbhosting (TwogbhostingResolver), as: UrlResolver (P=100)
00:05:35 T:1456612888   DEBUG: urlresolver: registering plugin: 2gbhosting (TwogbhostingResolver), as: PluginSettings (P=100)
00:05:35 T:1456612888   DEBUG: urlresolver: registering plugin: AllDebrid (AllDebridResolver), as: UrlResolver (P=100)
00:05:35 T:1456612888   DEBUG: urlresolver: registering plugin: AllDebrid (AllDebridResolver), as: SiteAuth (P=100)
00:05:35 T:1456612888   DEBUG: urlresolver: registering plugin: AllDebrid (AllDebridResolver), as: PluginSettings (P=100)
00:05:35 T:1456612888   DEBUG: urlresolver: registering plugin: allmyvideos (AllmyvideosResolver), as: UrlResolver (P=100)
00:05:35 T:1456612888   DEBUG: urlresolver: registering plugin: allmyvideos (AllmyvideosResolver), as: PluginSettings (P=100)
00:05:35 T:1456612888   DEBUG: urlresolver: registering plugin: bayfiles (bayfilesResolver), as: UrlResolver (P=100)
00:05:35 T:1456612888   DEBUG: urlresolver: registering plugin: bayfiles (bayfilesResolver), as: PluginSettings (P=100)
00:05:35 T:1456612888   DEBUG: urlresolver: registering plugin: billionuploads (billionuploads), as: UrlResolver (P=100)
00:05:35 T:1456612888   DEBUG: urlresolver: registering plugin: billionuploads (billionuploads), as: PluginSettings (P=100)
00:05:35 T:1456612888   DEBUG: urlresolver: registering plugin: castamp (CastampResolver), as: UrlResolver (P=100)
00:05:35 T:1456612888   DEBUG: urlresolver: registering plugin: castamp (CastampResolver), as: PluginSettings (P=100)
00:05:35 T:1456612888   DEBUG: urlresolver: registering plugin: clicktoview (ClicktoviewResolver), as: UrlResolver (P=100)
00:05:35 T:1456612888   DEBUG: urlresolver: registering plugin: clicktoview (ClicktoviewResolver), as: PluginSettings (P=100)
00:05:35 T:1456612888   DEBUG: urlresolver: registering plugin: crunchyroll (crunchyrollResolver), as: UrlResolver (P=100)
00:05:35 T:1456612888   DEBUG: urlresolver: registering plugin: crunchyroll (crunchyrollResolver), as: PluginSettings (P=100)
00:05:35 T:1456612888   DEBUG: urlresolver: registering plugin: cyberlocker (CyberlockerResolver), as: UrlResolver (P=100)
00:05:35 T:1456612888   DEBUG: urlresolver: registering plugin: cyberlocker (CyberlockerResolver), as: PluginSettings (P=100)
00:05:35 T:1456612888   DEBUG: urlresolver: registering plugin: daclips (DaclipsResolver), as: UrlResolver (P=100)
00:05:35 T:1456612888   DEBUG: urlresolver: registering plugin: daclips (DaclipsResolver), as: PluginSettings (P=100)
00:05:35 T:1456612888   DEBUG: urlresolver: registering plugin: dailymotion (DailymotionResolver), as: UrlResolver (P=100)
00:05:35 T:1456612888   DEBUG: urlresolver: registering plugin: dailymotion (DailymotionResolver), as: PluginSettings (P=100)
00:05:35 T:1456612888   DEBUG: urlresolver: registering plugin: divxstage (DivxstageResolver), as: UrlResolver (P=100)
00:05:35 T:1456612888   DEBUG: urlresolver: registering plugin: divxstage (DivxstageResolver), as: PluginSettings (P=100)
00:05:35 T:1456612888   DEBUG: urlresolver: registering plugin: donevideo (DonevideoResolver), as: UrlResolver (P=100)
00:05:35 T:1456612888   DEBUG: urlresolver: registering plugin: donevideo (DonevideoResolver), as: PluginSettings (P=100)
00:05:35 T:1456612888   DEBUG: urlresolver: registering plugin: ecostream (EcostreamResolver), as: UrlResolver (P=100)
00:05:35 T:1456612888   DEBUG: urlresolver: registering plugin: ecostream (EcostreamResolver), as: PluginSettings (P=100)
00:05:35 T:1456612888   DEBUG: urlresolver: registering plugin: entroupload (EntrouploadResolver), as: UrlResolver (P=100)
00:05:35 T:1456612888   DEBUG: urlresolver: registering plugin: entroupload (EntrouploadResolver), as: PluginSettings (P=100)
00:05:35 T:1456612888   DEBUG: urlresolver: registering plugin: facebook (FacebookResolver), as: UrlResolver (P=100)
00:05:35 T:1456612888   DEBUG: urlresolver: registering plugin: facebook (FacebookResolver), as: PluginSettings (P=100)
00:05:35 T:1456612888   DEBUG: urlresolver: registering plugin: filebox (FileboxResolver), as: UrlResolver (P=100)
00:05:35 T:1456612888   DEBUG: urlresolver: registering plugin: filebox (FileboxResolver), as: PluginSettings (P=100)
00:05:35 T:1456612888   DEBUG: urlresolver: registering plugin: filenuke (FilenukeResolver), as: UrlResolver (P=100)
00:05:35 T:1456612888   DEBUG: urlresolver: registering plugin: filenuke (FilenukeResolver), as: PluginSettings (P=100)
00:05:35 T:1456612888   DEBUG: urlresolver: registering plugin: flashx (FlashxResolver), as: UrlResolver (P=100)
00:05:35 T:1456612888   DEBUG: urlresolver: registering plugin: flashx (FlashxResolver), as: PluginSettings (P=100)
00:05:35 T:1456612888   DEBUG: urlresolver: registering plugin: gorillavid (GorillavidResolver), as: UrlResolver (P=100)
00:05:35 T:1456612888   DEBUG: urlresolver: registering plugin: gorillavid (GorillavidResolver), as: PluginSettings (P=100)
00:05:35 T:1456612888   DEBUG: urlresolver: registering plugin: hostingbulk (hostingbulkResolver), as: UrlResolver (P=100)
00:05:35 T:1456612888   DEBUG: urlresolver: registering plugin: hostingbulk (hostingbulkResolver), as: PluginSettings (P=100)
00:05:35 T:1456612888   DEBUG: urlresolver: registering plugin: vidxden (VidxdenResolver), as: UrlResolver (P=100)
00:05:35 T:1456612888   DEBUG: urlresolver: registering plugin: vidxden (VidxdenResolver), as: PluginSettings (P=100)
00:05:35 T:1456612888   DEBUG: urlresolver: registering plugin: hostingcup (HostingcupResolver), as: UrlResolver (P=100)
00:05:35 T:1456612888   DEBUG: urlresolver: registering plugin: hostingcup (HostingcupResolver), as: PluginSettings (P=100)
00:05:35 T:1456612888   DEBUG: urlresolver: registering plugin: hugefiles (HugefilesResolver), as: UrlResolver (P=100)
00:05:35 T:1456612888   DEBUG: urlresolver: registering plugin: hugefiles (HugefilesResolver), as: PluginSettings (P=100)
00:05:35 T:1456612888   DEBUG: urlresolver: registering plugin: jumbofiles (JumbofilesResolver), as: UrlResolver (P=100)
00:05:35 T:1456612888   DEBUG: urlresolver: registering plugin: jumbofiles (JumbofilesResolver), as: PluginSettings (P=100)
00:05:35 T:1456612888   DEBUG: urlresolver: registering plugin: lemuploads (LemuploadsResolver), as: UrlResolver (P=100)
00:05:35 T:1456612888   DEBUG: urlresolver: registering plugin: lemuploads (LemuploadsResolver), as: PluginSettings (P=100)
00:05:35 T:1456612888   DEBUG: urlresolver: registering plugin: limevideo (LimevideoResolver), as: UrlResolver (P=100)
00:05:35 T:1456612888   DEBUG: urlresolver: registering plugin: limevideo (LimevideoResolver), as: PluginSettings (P=100)
00:05:35 T:1456612888   DEBUG: urlresolver: registering plugin: megarelease (MegareleaseResolver), as: UrlResolver (P=100)
00:05:35 T:1456612888   DEBUG: urlresolver: registering plugin: megarelease (MegareleaseResolver), as: PluginSettings (P=100)
00:05:35 T:1456612888   DEBUG: urlresolver: registering plugin: mightyupload (MightyuploadResolver), as: UrlResolver (P=100)
00:05:35 T:1456612888   DEBUG: urlresolver: registering plugin: mightyupload (MightyuploadResolver), as: PluginSettings (P=100)
00:05:35 T:1456612888   DEBUG: urlresolver: registering plugin: movdivx (MovDivxResolver), as: UrlResolver (P=100)
00:05:35 T:1456612888   DEBUG: urlresolver: registering plugin: movdivx (MovDivxResolver), as: PluginSettings (P=100)
00:05:35 T:1456612888   DEBUG: urlresolver: registering plugin: movpod (MovpodResolver), as: UrlResolver (P=100)
00:05:35 T:1456612888   DEBUG: urlresolver: registering plugin: movpod (MovpodResolver), as: PluginSettings (P=100)
00:05:35 T:1456612888   DEBUG: urlresolver: registering plugin: movreel (movreelResolver), as: UrlResolver (P=100)
00:05:35 T:1456612888   DEBUG: urlresolver: registering plugin: movreel (movreelResolver), as: SiteAuth (P=100)
00:05:35 T:1456612888   DEBUG: urlresolver: registering plugin: movreel (movreelResolver), as: PluginSettings (P=100)
00:05:35 T:1456612888   DEBUG: urlresolver: registering plugin: movshare (MovshareResolver), as: UrlResolver (P=100)
00:05:35 T:1456612888   DEBUG: urlresolver: registering plugin: movshare (MovshareResolver), as: PluginSettings (P=100)
00:05:35 T:1456612888   DEBUG: urlresolver: registering plugin: movzap|zuzvideo (MovzapZuzVideoResolver), as: UrlResolver (P=100)
00:05:35 T:1456612888   DEBUG: urlresolver: registering plugin: movzap|zuzvideo (MovzapZuzVideoResolver), as: PluginSettings (P=100)
00:05:35 T:1456612888   DEBUG: urlresolver: registering plugin: muchshare (MuchshareResolver), as: UrlResolver (P=100)
00:05:35 T:1456612888   DEBUG: urlresolver: registering plugin: muchshare (MuchshareResolver), as: PluginSettings (P=100)
00:05:35 T:1456612888   DEBUG: urlresolver: registering plugin: nolimitvideo (nolimitvideoResolver), as: UrlResolver (P=100)
00:05:35 T:1456612888   DEBUG: urlresolver: registering plugin: nolimitvideo (nolimitvideoResolver), as: PluginSettings (P=100)
00:05:35 T:1456612888   DEBUG: urlresolver: registering plugin: nosvideo (NosvideoResolver), as: UrlResolver (P=100)
00:05:35 T:1456612888   DEBUG: urlresolver: registering plugin: nosvideo (NosvideoResolver), as: PluginSettings (P=100)
00:05:35 T:1456612888   DEBUG: urlresolver: registering plugin: novamov (NovamovResolver), as: UrlResolver (P=100)
00:05:35 T:1456612888   DEBUG: urlresolver: registering plugin: novamov (NovamovResolver), as: PluginSettings (P=100)
00:05:35 T:1456612888   DEBUG: urlresolver: registering plugin: nowvideo (NowvideoResolver), as: UrlResolver (P=100)
00:05:35 T:1456612888   DEBUG: urlresolver: registering plugin: nowvideo (NowvideoResolver), as: PluginSettings (P=100)
00:05:35 T:1456612888   DEBUG: urlresolver: registering plugin: ovile (OvfileResolver), as: UrlResolver (P=100)
00:05:35 T:1456612888   DEBUG: urlresolver: registering plugin: ovile (OvfileResolver), as: PluginSettings (P=100)
00:05:35 T:1456612888   DEBUG: urlresolver: registering plugin: played (playedResolver), as: UrlResolver (P=100)
00:05:35 T:1456612888   DEBUG: urlresolver: registering plugin: played (playedResolver), as: PluginSettings (P=100)
00:05:35 T:1456612888   DEBUG: urlresolver: registering plugin: playwire (PlaywireResolver), as: UrlResolver (P=100)
00:05:35 T:1456612888   DEBUG: urlresolver: registering plugin: playwire (PlaywireResolver), as: PluginSettings (P=100)
00:05:35 T:1456612888   DEBUG: urlresolver: registering plugin: Premiumize.me (PremiumizeMeResolver), as: UrlResolver (P=100)
00:05:35 T:1456612888   DEBUG: urlresolver: registering plugin: Premiumize.me (PremiumizeMeResolver), as: PluginSettings (P=100)
00:05:35 T:1456612888   DEBUG: urlresolver: registering plugin: primeshare (PrimeshareResolver), as: UrlResolver (P=100)
00:05:35 T:1456612888   DEBUG: urlresolver: registering plugin: primeshare (PrimeshareResolver), as: PluginSettings (P=100)
00:05:35 T:1456612888   DEBUG: urlresolver: registering plugin: promptfile (PromptfileResolver), as: UrlResolver (P=100)
00:05:35 T:1456612888   DEBUG: urlresolver: registering plugin: promptfile (PromptfileResolver), as: PluginSettings (P=100)
00:05:35 T:1456612888   DEBUG: urlresolver: registering plugin: purevid (purevid), as: UrlResolver (P=100)
00:05:35 T:1456612888   DEBUG: urlresolver: registering plugin: purevid (purevid), as: SiteAuth (P=100)
00:05:35 T:1456612888   DEBUG: urlresolver: registering plugin: purevid (purevid), as: PluginSettings (P=100)
00:05:35 T:1456612888   DEBUG: urlresolver: registering plugin: putlocker/sockshare (PutlockerResolver), as: UrlResolver (P=100)
00:05:35 T:1456612888   DEBUG: urlresolver: registering plugin: putlocker/sockshare (PutlockerResolver), as: PluginSettings (P=100)
00:05:35 T:1456612888   DEBUG: urlresolver: registering plugin: rapidvideo (RapidvideoResolver), as: UrlResolver (P=100)
00:05:35 T:1456612888   DEBUG: urlresolver: registering plugin: rapidvideo (RapidvideoResolver), as: PluginSettings (P=100)
00:05:35 T:1456612888   DEBUG: urlresolver: registering plugin: realdebrid (RealDebridResolver), as: UrlResolver (P=100)
00:05:35 T:1456612888   DEBUG: urlresolver: registering plugin: realdebrid (RealDebridResolver), as: SiteAuth (P=100)
00:05:35 T:1456612888   DEBUG: urlresolver: registering plugin: realdebrid (RealDebridResolver), as: PluginSettings (P=100)
00:05:35 T:1456612888   DEBUG: urlresolver: registering plugin: RPnet (RPnetResolver), as: UrlResolver (P=100)
00:05:35 T:1456612888   DEBUG: urlresolver: registering plugin: RPnet (RPnetResolver), as: PluginSettings (P=100)
00:05:35 T:1456612888   DEBUG: urlresolver: registering plugin: seeon.tv (SeeonResolver), as: UrlResolver (P=100)
00:05:35 T:1456612888   DEBUG: urlresolver: registering plugin: seeon.tv (SeeonResolver), as: PluginSettings (P=100)
00:05:35 T:1456612888   DEBUG: urlresolver: registering plugin: sharefiles (SharefilesResolver), as: UrlResolver (P=100)
00:05:35 T:1456612888   DEBUG: urlresolver: registering plugin: sharefiles (SharefilesResolver), as: PluginSettings (P=100)
00:05:35 T:1456612888   DEBUG: urlresolver: registering plugin: sharerepo (SharerepoResolver), as: UrlResolver (P=100)
00:05:35 T:1456612888   DEBUG: urlresolver: registering plugin: sharerepo (SharerepoResolver), as: PluginSettings (P=100)
00:05:35 T:1456612888   DEBUG: urlresolver: registering plugin: sharesix (SharesixResolver), as: UrlResolver (P=100)
00:05:35 T:1456612888   DEBUG: urlresolver: registering plugin: sharesix (SharesixResolver), as: PluginSettings (P=100)
00:05:35 T:1456612888   DEBUG: urlresolver: registering plugin: skyload (SkyloadResolver), as: UrlResolver (P=100)
00:05:35 T:1456612888   DEBUG: urlresolver: registering plugin: skyload (SkyloadResolver), as: PluginSettings (P=100)
00:05:35 T:1456612888   DEBUG: urlresolver: registering plugin: stagevu (StagevuResolver), as: UrlResolver (P=100)
00:05:35 T:1456612888   DEBUG: urlresolver: registering plugin: stagevu (StagevuResolver), as: PluginSettings (P=100)
00:05:35 T:1456612888   DEBUG: urlresolver: registering plugin: stream2k (Stream2kResolver), as: UrlResolver (P=100)
00:05:35 T:1456612888   DEBUG: urlresolver: registering plugin: stream2k (Stream2kResolver), as: PluginSettings (P=100)
00:05:35 T:1456612888   DEBUG: urlresolver: registering plugin: streamcloud (StreamcloudResolver), as: UrlResolver (P=100)
00:05:35 T:1456612888   DEBUG: urlresolver: registering plugin: streamcloud (StreamcloudResolver), as: PluginSettings (P=100)
00:05:35 T:1456612888   DEBUG: urlresolver: registering plugin: thefile (TheFileResolver), as: UrlResolver (P=100)
00:05:35 T:1456612888   DEBUG: urlresolver: registering plugin: thefile (TheFileResolver), as: PluginSettings (P=100)
00:05:35 T:1456612888   DEBUG: urlresolver: registering plugin: tubeplus.me (TubeplusResolver), as: UrlResolver (P=100)
00:05:35 T:1456612888   DEBUG: urlresolver: registering plugin: tune.pk (TunePkResolver), as: UrlResolver (P=100)
00:05:35 T:1456612888   DEBUG: urlresolver: registering plugin: tune.pk (TunePkResolver), as: PluginSettings (P=100)
00:05:35 T:1456612888   DEBUG: urlresolver: registering plugin: ufliq (UfliqResolver), as: UrlResolver (P=100)
00:05:35 T:1456612888   DEBUG: urlresolver: registering plugin: ufliq (UfliqResolver), as: PluginSettings (P=100)
00:05:35 T:1456612888   DEBUG: urlresolver: registering plugin: uploadc (UploadcResolver), as: UrlResolver (P=100)
00:05:35 T:1456612888   DEBUG: urlresolver: registering plugin: uploadc (UploadcResolver), as: PluginSettings (P=100)
00:05:35 T:1456612888   DEBUG: urlresolver: registering plugin: veeHD (veeHDResolver), as: UrlResolver (P=100)
00:05:35 T:1456612888   DEBUG: urlresolver: registering plugin: veeHD (veeHDResolver), as: SiteAuth (P=100)
00:05:35 T:1456612888   DEBUG: urlresolver: registering plugin: veeHD (veeHDResolver), as: PluginSettings (P=100)
00:05:35 T:1456612888   DEBUG: urlresolver: registering plugin: veoh (VeohResolver), as: UrlResolver (P=100)
00:05:35 T:1456612888   DEBUG: urlresolver: registering plugin: veoh (VeohResolver), as: PluginSettings (P=100)
00:05:35 T:1456612888   DEBUG: urlresolver: registering plugin: vidbull (VidbullResolver), as: UrlResolver (P=100)
00:05:35 T:1456612888   DEBUG: urlresolver: registering plugin: vidbull (VidbullResolver), as: PluginSettings (P=100)
00:05:35 T:1456612888   DEBUG: urlresolver: registering plugin: videobb (VideobbResolver), as: UrlResolver (P=100)
00:05:35 T:1456612888   DEBUG: urlresolver: registering plugin: videobb (VideobbResolver), as: PluginSettings (P=100)
00:05:35 T:1456612888   DEBUG: urlresolver: registering plugin: videotanker (VideoTankerResolver), as: UrlResolver (P=100)
00:05:35 T:1456612888   DEBUG: urlresolver: registering plugin: videotanker (VideoTankerResolver), as: PluginSettings (P=100)
00:05:35 T:1456612888   DEBUG: urlresolver: registering plugin: videoweed.es (VideoweedResolver), as: UrlResolver (P=100)
00:05:35 T:1456612888   DEBUG: urlresolver: registering plugin: videoweed.es (VideoweedResolver), as: PluginSettings (P=100)
00:05:35 T:1456612888   DEBUG: urlresolver: registering plugin: videozed (VideozedResolver), as: UrlResolver (P=100)
00:05:35 T:1456612888   DEBUG: urlresolver: registering plugin: videozed (VideozedResolver), as: PluginSettings (P=100)
00:05:35 T:1456612888   DEBUG: urlresolver: registering plugin: videozer (VideozerResolver), as: UrlResolver (P=100)
00:05:35 T:1456612888   DEBUG: urlresolver: registering plugin: videozer (VideozerResolver), as: PluginSettings (P=100)
00:05:35 T:1456612888   DEBUG: urlresolver: registering plugin: vidhog (VidhogResolver), as: UrlResolver (P=100)
00:05:35 T:1456612888   DEBUG: urlresolver: registering plugin: vidhog (VidhogResolver), as: PluginSettings (P=100)
00:05:35 T:1456612888   DEBUG: urlresolver: registering plugin: override_me (vidpeResolver), as: UrlResolver (P=100)
00:05:35 T:1456612888   DEBUG: urlresolver: registering plugin: override_me (vidpeResolver), as: PluginSettings (P=100)
00:05:35 T:1456612888   DEBUG: urlresolver: registering plugin: vidplay (VidplayResolver), as: UrlResolver (P=100)
00:05:35 T:1456612888   DEBUG: urlresolver: registering plugin: vidplay (VidplayResolver), as: PluginSettings (P=100)
00:05:35 T:1456612888   DEBUG: urlresolver: registering plugin: vidstream (VidstreamResolver), as: UrlResolver (P=100)
00:05:35 T:1456612888   DEBUG: urlresolver: registering plugin: vidstream (VidstreamResolver), as: PluginSettings (P=100)
00:05:35 T:1456612888   DEBUG: urlresolver: registering plugin: vidto (vidto), as: UrlResolver (P=100)
00:05:35 T:1456612888   DEBUG: urlresolver: registering plugin: vidto (vidto), as: PluginSettings (P=100)
00:05:35 T:1456612888   DEBUG: urlresolver: registering plugin: vidx (vidxResolver), as: UrlResolver (P=100)
00:05:35 T:1456612888   DEBUG: urlresolver: registering plugin: vidx (vidxResolver), as: PluginSettings (P=100)
00:05:35 T:1456612888   DEBUG: urlresolver: registering plugin: vimeo (VimeoResolver), as: UrlResolver (P=100)
00:05:35 T:1456612888   DEBUG: urlresolver: registering plugin: vimeo (VimeoResolver), as: PluginSettings (P=100)
00:05:35 T:1456612888   DEBUG: urlresolver: registering plugin: vureel (vureelResolver), as: UrlResolver (P=100)
00:05:35 T:1456612888   DEBUG: urlresolver: registering plugin: vureel (vureelResolver), as: PluginSettings (P=100)
00:05:35 T:1456612888   DEBUG: urlresolver: registering plugin: watchfreeinhd (watchfreeResolver), as: UrlResolver (P=100)
00:05:35 T:1456612888   DEBUG: urlresolver: registering plugin: watchfreeinhd (watchfreeResolver), as: PluginSettings (P=100)
00:05:36 T:1456612888   DEBUG: urlresolver: registering plugin: xvidstage (XvidstageResolver), as: UrlResolver (P=100)
00:05:36 T:1456612888   DEBUG: urlresolver: registering plugin: xvidstage (XvidstageResolver), as: PluginSettings (P=100)
00:05:36 T:1456612888   DEBUG: urlresolver: registering plugin: youtube (YoutubeResolver), as: UrlResolver (P=100)
00:05:36 T:1456612888   DEBUG: urlresolver: registering plugin: youtube (YoutubeResolver), as: PluginSettings (P=100)
00:05:36 T:1456612888   DEBUG: urlresolver: registering plugin: youwatch (YouwatchResolver), as: UrlResolver (P=100)
00:05:36 T:1456612888   DEBUG: urlresolver: registering plugin: youwatch (YouwatchResolver), as: PluginSettings (P=100)
00:05:36 T:1456612888   DEBUG: urlresolver: registering plugin: zalaa (ZalaaResolver), as: UrlResolver (P=100)
00:05:36 T:1456612888   DEBUG: urlresolver: registering plugin: zalaa (ZalaaResolver), as: PluginSettings (P=100)
00:05:36 T:1456612888   DEBUG: urlresolver: registering plugin: zooupload (ZoouploadResolver), as: UrlResolver (P=100)
00:05:36 T:1456612888   DEBUG: urlresolver: registering plugin: zooupload (ZoouploadResolver), as: PluginSettings (P=100)
00:05:36 T:1456612888   DEBUG: urlresolver: registering plugin: zshare (ZshareResolver), as: UrlResolver (P=100)
00:05:36 T:1456612888   DEBUG: urlresolver: registering plugin: zshare (ZshareResolver), as: PluginSettings (P=100)
00:05:36 T:1456612888  NOTICE: metahandler: Initializing MetaHandlers version: 2.3.1
00:05:36 T:1456612888  NOTICE: metahandler: Loading sqlite3 as DB engine version: 3.7.10
00:05:36 T:1456612888  NOTICE: Previous line repeats 1 times.
00:05:36 T:1456612888   DEBUG: [xbmcswift2] Reading pickle storage from disk at "/storage/sdcard0/Android/data/org.xbmc.xbmc/files/.xbmc/userdata/addon_data/plugin.video.mvl/.storage/authentication"
00:05:36 T:1456612888   DEBUG: [xbmcswift2] Loaded storage "authentication" from disk
00:05:36 T:1456612888   DEBUG: metahandler: Table movie_meta initialized
00:05:36 T:1456612888   DEBUG: metahandler: Table tvshow_meta initialized
00:05:36 T:1456612888   DEBUG: metahandler: Table season_meta initialized
00:05:36 T:1456612888   DEBUG: metahandler: Table episode_meta initialized
00:05:36 T:1456612888   DEBUG: metahandler: Table addons initialized
00:05:36 T:1456612888  NOTICE: [plugin.video.mvl] Loading sqlite3 as DB engine
00:05:36 T:1456612888  NOTICE: [plugin.video.mvl] DB_DIR: /storage/sdcard0/Android/data/org.xbmc.xbmc/files/.xbmc/userdata/Database/myvideolibrary.db
00:05:36 T:1456612888   DEBUG: [xbmcswift2] Adding url rule "/" named "index" pointing to function "index"
00:05:36 T:1456612888   DEBUG: [xbmcswift2] Adding url rule "/categories/<id>/<page>" named "get_categories" pointing to function "get_categories"
00:05:36 T:1456612888   DEBUG: [xbmcswift2] Adding url rule "/get_videos/<id>/<thumbnail>/" named "get_videos" pointing to function "get_videos"
00:05:36 T:1456612888   DEBUG: [xbmcswift2] Adding url rule "/play_video/<url>" named "play_video" pointing to function "play_video"
00:05:36 T:1456612888   DEBUG: [xbmcswift2] Adding url rule "/search/<category>/" named "search" pointing to function "search"
00:05:36 T:1456612888   DEBUG: [xbmcswift2] Adding url rule "/azlisting/<category>/" named "azlisting" pointing to function "azlisting"
00:05:36 T:1456612888   DEBUG: [xbmcswift2] Adding url rule "/get_azlist/<key>/<page>/<category>/" named "get_azlist" pointing to function "get_azlist"
00:05:36 T:1456612888   DEBUG: [xbmcswift2] Adding url rule "/mostpopular/<page>/<category>/" named "mostpopular" pointing to function "mostpopular"
00:05:36 T:1456612888   DEBUG: [xbmcswift2] Adding url rule "/save_favourite/<id>/<title>/<thumbnail>/<isplayable>/<category>" named "save_favourite" pointing to function "save_favourite"
00:05:36 T:1456612888   DEBUG: [xbmcswift2] Adding url rule "/remove_favourite/<id>/<title>/<category>" named "remove_favourite" pointing to function "remove_favourite"
00:05:36 T:1456612888   DEBUG: [xbmcswift2] Adding url rule "/get_favourites/<category>/" named "get_favourites" pointing to function "get_favourites"
00:05:36 T:1456612888   DEBUG: [xbmcswift2] Handling incoming request for /
00:05:36 T:1456612888  NOTICE: [xbmcswift2] Request for "/" matches rule for function "index"
00:05:36 T:1456612888  NOTICE: [plugin.video.mvl] Closing
00:05:36 T:1456612888  NOTICE: [plugin.video.mvl] Building My Video Library Database
00:05:36 T:1456612888  NOTICE: [plugin.video.mvl] http://config.myvideolibrary.com/api/index.php/api/categories_api/getCategories?parent_id=0&limit=10&page=1
00:05:37 T:1329931320   DEBUG: CGUIMediaWindow::GetDirectory (path)
00:05:37 T:1329931320   DEBUG:   ParentPath = [path/]
00:05:37 T:1329931320   ERROR: static bool XFILE::CDirectory::GetDirectory(const CStdString&, CFileItemList&, const XFILE::CDirectory::CHints&, bool) - Error getting path
00:05:37 T:1329931320   ERROR: CGUIMediaWindow::GetDirectory(path) failed
00:05:37 T:1329931320   DEBUG: CGUIMediaWindow::GetDirectory (path/)
00:05:37 T:1329931320   DEBUG:   ParentPath = []
00:05:37 T:1329931320   ERROR: static bool XFILE::CDirectory::GetDirectory(const CStdString&, CFileItemList&, const XFILE::CDirectory::CHints&, bool) - Error getting path/
00:05:37 T:1329931320   ERROR: CGUIMediaWindow::GetDirectory(path/) failed
00:05:37 T:1329931320   DEBUG: CGUIMediaWindow::GetDirectory ()
00:05:37 T:1329931320   DEBUG:   ParentPath = []
00:05:37 T:1329931320   DEBUG: CGUIMediaWindow::GetDirectory ()
00:05:37 T:1329931320   DEBUG:   ParentPath = []
00:05:37 T:1454493256   DEBUG: virtual bool CImageLoader::DoWork() - took 181 ms to load special://skin/backgrounds/default/default.jpg
00:05:37 T:1456612888  NOTICE: [plugin.video.mvl] here is dialog2
00:05:37 T:1329931320   DEBUG: bool XFILE::CPluginDirectory::WaitOnScriptResult(const CStdString&, int, const CStdString&, bool)- plugin returned failure
00:05:37 T:1329931320   ERROR: static bool XFILE::CDirectory::GetDirectory(const CStdString&, CFileItemList&, const XFILE::CDirectory::CHints&, bool) - Error getting plugin://plugin.video.mvl
00:05:37 T:1456612888   DEBUG: [xbmcswift2] Saving a pickle storage to disk at "/storage/sdcard0/Android/data/org.xbmc.xbmc/files/.xbmc/userdata/addon_data/plugin.video.mvl/.storage/authentication"
00:05:37 T:1329931320   ERROR: CGUIMediaWindow::GetDirectory(plugin://plugin.video.mvl) failed
00:05:37 T:1329931320   DEBUG: CGUIMediaWindow::GetDirectory ()
00:05:37 T:1329931320   DEBUG:   ParentPath = []
00:05:37 T:1456612888    INFO: CPythonInvoker(2, /storage/sdcard0/Android/data/org.xbmc.xbmc/files/.xbmc/addons/plugin.video.mvl/default.py): script successfully run
00:05:37 T:1456612888    INFO: Python script stopped
